2017-10-13 09:59:48,332 INFO o.a.j.u.JMeterUtils: Setting Locale to en_CA
2017-10-13 09:59:48,357 INFO o.a.j.JMeter: Loading user properties from: /Users/hongruiguan/Desktop/apache-jmeter-3.3/bin/user.properties
2017-10-13 09:59:48,358 INFO o.a.j.JMeter: Loading system properties from: /Users/hongruiguan/Desktop/apache-jmeter-3.3/bin/system.properties
2017-10-13 09:59:48,369 INFO o.a.j.JMeter: Copyright (c) 1998-2017 The Apache Software Foundation
2017-10-13 09:59:48,369 INFO o.a.j.JMeter: Version 3.3 r1808647
2017-10-13 09:59:48,369 INFO o.a.j.JMeter: java.version=1.8.0_144
2017-10-13 09:59:48,369 INFO o.a.j.JMeter: java.vm.name=Java HotSpot(TM) 64-Bit Server VM
2017-10-13 09:59:48,369 INFO o.a.j.JMeter: os.name=Mac OS X
2017-10-13 09:59:48,369 INFO o.a.j.JMeter: os.arch=x86_64
2017-10-13 09:59:48,369 INFO o.a.j.JMeter: os.version=10.12.6
2017-10-13 09:59:48,370 INFO o.a.j.JMeter: file.encoding=UTF-8
2017-10-13 09:59:48,370 INFO o.a.j.JMeter: Max memory     =954728448
2017-10-13 09:59:48,370 INFO o.a.j.JMeter: Available Processors =4
2017-10-13 09:59:48,379 INFO o.a.j.JMeter: Default Locale=English (Canada)
2017-10-13 09:59:48,379 INFO o.a.j.JMeter: JMeter  Locale=English (Canada)
2017-10-13 09:59:48,380 INFO o.a.j.JMeter: JMeterHome=/Users/hongruiguan/Desktop/apache-jmeter-3.3
2017-10-13 09:59:48,380 INFO o.a.j.JMeter: user.dir  =/Users/hongruiguan/web-automation-tesing-selenium/out/artifacts/web_automation_tesing_selenium_jar
2017-10-13 09:59:48,380 INFO o.a.j.JMeter: PWD       =/Users/hongruiguan/web-automation-tesing-selenium/out/artifacts/web_automation_tesing_selenium_jar
2017-10-13 09:59:48,395 INFO o.a.j.JMeter: IP: 192.168.88.104 Name: Hongruis-MacBook-Air.local FullName: 192.168.88.104
2017-10-13 09:59:53,704 INFO o.a.j.g.a.LookAndFeelCommand: Using look and feel: com.apple.laf.AquaLookAndFeel [Mac OS X, System]
2017-10-13 09:59:53,713 INFO o.a.j.JMeter: Loaded icon properties from org/apache/jmeter/images/icon.properties
2017-10-13 09:59:55,654 INFO o.a.j.e.u.CompoundVariable: Note: Function class names must contain the string: '.functions.'
2017-10-13 09:59:55,655 INFO o.a.j.e.u.CompoundVariable: Note: Function class names must not contain the string: '.gui.'
2017-10-13 09:59:57,654 WARN o.j.r.PluginManagerMenuCreator: Was unable to install pmgr cmdline tool
java.nio.file.NoSuchFileException: /Users/hongruiguan/Desktop/bin/PluginsManagerCMD.bat
	at sun.nio.fs.UnixException.translateToIOException(UnixException.java:86) ~[?:1.8.0_144]
	at sun.nio.fs.UnixException.rethrowAsIOException(UnixException.java:102) ~[?:1.8.0_144]
	at sun.nio.fs.UnixException.rethrowAsIOException(UnixException.java:107) ~[?:1.8.0_144]
	at sun.nio.fs.UnixFileSystemProvider.newByteChannel(UnixFileSystemProvider.java:214) ~[?:1.8.0_144]
	at java.nio.file.spi.FileSystemProvider.newOutputStream(FileSystemProvider.java:434) ~[?:1.8.0_144]
	at java.nio.file.Files.newOutputStream(Files.java:216) ~[?:1.8.0_144]
	at java.nio.file.Files.copy(Files.java:3016) ~[?:1.8.0_144]
	at org.jmeterplugins.repository.PluginManagerCMDInstaller.writeOut(PluginManagerCMDInstaller.java:24) ~[jmeter-plugins-manager-0.16.jar:?]
	at org.jmeterplugins.repository.PluginManagerCMDInstaller.main(PluginManagerCMDInstaller.java:12) ~[jmeter-plugins-manager-0.16.jar:?]
	at org.jmeterplugins.repository.PluginManagerMenuCreator.getMenuItemsAtLocation(PluginManagerMenuCreator.java:16) [jmeter-plugins-manager-0.16.jar:?]
	at org.apache.jmeter.gui.util.JMeterMenuBar.addPluginsMenuItems(JMeterMenuBar.java:594) [ApacheJMeter_core.jar:3.3 r1808647]
	at org.apache.jmeter.gui.util.JMeterMenuBar.makeOptionsMenu(JMeterMenuBar.java:370) [ApacheJMeter_core.jar:3.3 r1808647]
	at org.apache.jmeter.gui.util.JMeterMenuBar.createMenuBar(JMeterMenuBar.java:268) [ApacheJMeter_core.jar:3.3 r1808647]
	at org.apache.jmeter.gui.util.JMeterMenuBar.<init>(JMeterMenuBar.java:164) [ApacheJMeter_core.jar:3.3 r1808647]
	at org.apache.jmeter.gui.MainFrame.init(MainFrame.java:510) [ApacheJMeter_core.jar:3.3 r1808647]
	at org.apache.jmeter.gui.MainFrame.<init>(MainFrame.java:240) [ApacheJMeter_core.jar:3.3 r1808647]
	at org.apache.jmeter.JMeter.startGui(JMeter.java:375) [ApacheJMeter_core.jar:3.3 r1808647]
	at org.apache.jmeter.JMeter.start(JMeter.java:519) [ApacheJMeter_core.jar:3.3 r1808647]
	at sun.reflect.NativeMethodAccessorImpl.invoke0(Native Method) ~[?:1.8.0_144]
	at sun.reflect.NativeMethodAccessorImpl.invoke(NativeMethodAccessorImpl.java:62) ~[?:1.8.0_144]
	at sun.reflect.DelegatingMethodAccessorImpl.invoke(DelegatingMethodAccessorImpl.java:43) ~[?:1.8.0_144]
	at java.lang.reflect.Method.invoke(Method.java:498) ~[?:1.8.0_144]
	at org.apache.jmeter.NewDriver.main(NewDriver.java:248) [ApacheJMeter.jar:3.3 r1808647]
2017-10-13 09:59:57,722 WARN o.j.r.PluginManager: Found JAR conflict: /Users/hongruiguan/Desktop/apache-jmeter-3.3/lib/commons-lang3-3.6.jar and /Users/hongruiguan/Desktop/apache-jmeter-3.3/lib/commons-lang3-3.1.jar
2017-10-13 09:59:57,722 WARN o.j.r.PluginManager: Found JAR conflict: /Users/hongruiguan/Desktop/apache-jmeter-3.3/lib/httpcore-4.4.7.jar and /Users/hongruiguan/Desktop/apache-jmeter-3.3/lib/httpcore-4.4.6.jar
2017-10-13 09:59:57,723 WARN o.j.r.PluginManager: Found JAR conflict: /Users/hongruiguan/Desktop/apache-jmeter-3.3/lib/junit-4.12.jar and /Users/hongruiguan/Desktop/apache-jmeter-3.3/lib/junit-4.11.jar
2017-10-13 09:59:57,723 WARN o.j.r.PluginManager: Found JAR conflict: /Users/hongruiguan/Desktop/apache-jmeter-3.3/lib/slf4j-api-1.7.25.jar and /Users/hongruiguan/Desktop/apache-jmeter-3.3/lib/slf4j-api-1.6.6.jar
2017-10-13 09:59:57,724 WARN o.j.r.PluginManager: Found JAR conflict: /Users/hongruiguan/Desktop/apache-jmeter-3.3/lib/xercesImpl-2.8.0.jar and /Users/hongruiguan/Desktop/apache-jmeter-3.3/lib/xercesImpl-2.11.0.jar
2017-10-13 09:59:57,724 WARN o.j.r.PluginManager: Found JAR conflict: /Users/hongruiguan/Desktop/apache-jmeter-3.3/lib/xml-apis-1.4.01.jar and /Users/hongruiguan/Desktop/apache-jmeter-3.3/lib/xml-apis-1.0.b2.jar
2017-10-13 09:59:57,724 WARN o.j.r.PluginManager: Found JAR conflict: /Users/hongruiguan/Desktop/apache-jmeter-3.3/lib/ext/jmeter-plugins-manager-0.16.jar and /Users/hongruiguan/Desktop/apache-jmeter-3.3/lib/jmeter-plugins-manager-0.16.jar
2017-10-13 09:59:57,724 WARN o.j.r.PluginManager: Found JAR conflict: /Users/hongruiguan/Desktop/apache-jmeter-3.3/lib/junit/web-automation-tesing-selenium.jar and /Users/hongruiguan/Desktop/apache-jmeter-3.3/lib/web-automation-tesing-selenium.jar
2017-10-13 09:59:58,804 INFO k.a.j.JMeterPluginsUtils: JMeter-Plugins.org v.1.4.0
2017-10-13 09:59:59,820 INFO o.j.r.PluginManager: Plugins Status: [jpgc-plugins-manager=0.16, jpgc-webdriver=1.4.0, jmeter-core=3.3, jmeter-ftp=3.3, jmeter-http=3.3, jmeter-jdbc=3.3, jmeter-jms=3.3, jmeter-junit=3.3, jmeter-java=3.3, jmeter-ldap=3.3, jmeter-mail=3.3, jmeter-mongodb=3.3, jmeter-native=3.3, jmeter-tcp=3.3, jmeter-components=3.3]
2017-10-13 09:59:59,962 INFO o.a.j.g.u.MenuFactory: Skipping org.apache.jmeter.assertions.BSFAssertion
2017-10-13 10:00:00,292 INFO o.a.j.g.u.MenuFactory: Skipping org.apache.jmeter.extractor.BSFPostProcessor
2017-10-13 10:00:00,364 INFO o.a.j.g.u.MenuFactory: Skipping org.apache.jmeter.modifiers.BSFPreProcessor
2017-10-13 10:00:00,418 INFO o.a.j.p.h.s.HTTPSamplerBase: Parser for text/html is org.apache.jmeter.protocol.http.parser.LagartoBasedHtmlParser
2017-10-13 10:00:00,418 INFO o.a.j.p.h.s.HTTPSamplerBase: Parser for application/xhtml+xml is org.apache.jmeter.protocol.http.parser.LagartoBasedHtmlParser
2017-10-13 10:00:00,418 INFO o.a.j.p.h.s.HTTPSamplerBase: Parser for application/xml is org.apache.jmeter.protocol.http.parser.LagartoBasedHtmlParser
2017-10-13 10:00:00,418 INFO o.a.j.p.h.s.HTTPSamplerBase: Parser for text/xml is org.apache.jmeter.protocol.http.parser.LagartoBasedHtmlParser
2017-10-13 10:00:00,418 INFO o.a.j.p.h.s.HTTPSamplerBase: Parser for text/vnd.wap.wml is org.apache.jmeter.protocol.http.parser.RegexpHTMLParser
2017-10-13 10:00:00,418 INFO o.a.j.p.h.s.HTTPSamplerBase: Parser for text/css is org.apache.jmeter.protocol.http.parser.CssParser
2017-10-13 10:00:00,989 INFO o.a.j.e.KeyToolUtils: keytool found at 'keytool'
2017-10-13 10:00:00,990 INFO o.a.j.p.h.p.ProxyControl: HTTP(S) Test Script Recorder SSL Proxy will use keys that support embedded 3rd party resources in file /Users/hongruiguan/Desktop/apache-jmeter-3.3/bin/proxyserver.jks
2017-10-13 10:00:07,364 INFO o.a.j.g.u.MenuFactory: Skipping org.apache.jmeter.protocol.java.sampler.BSFSampler
2017-10-13 10:00:07,448 INFO o.a.j.s.FileServer: Default base='/Users/hongruiguan/web-automation-tesing-selenium/out/artifacts/web_automation_tesing_selenium_jar'
2017-10-13 10:00:07,605 INFO o.a.j.g.u.MenuFactory: Skipping org.apache.jmeter.protocol.mongodb.config.MongoSourceElement
2017-10-13 10:00:07,605 INFO o.a.j.g.u.MenuFactory: Skipping org.apache.jmeter.protocol.mongodb.sampler.MongoScriptSampler
2017-10-13 10:00:07,825 INFO o.a.j.g.u.MenuFactory: Skipping org.apache.jmeter.timers.BSFTimer
2017-10-13 10:00:07,868 INFO o.a.j.g.u.MenuFactory: Skipping org.apache.jmeter.visualizers.BSFListener
2017-10-13 10:00:08,141 INFO o.a.j.s.SampleResult: Note: Sample TimeStamps are START times
2017-10-13 10:00:08,141 INFO o.a.j.s.SampleResult: sampleresult.default.encoding is set to ISO-8859-1
2017-10-13 10:00:08,141 INFO o.a.j.s.SampleResult: sampleresult.useNanoTime=true
2017-10-13 10:00:08,141 INFO o.a.j.s.SampleResult: sampleresult.nanoThreadSleep=5000
2017-10-13 10:01:20,630 INFO o.a.j.s.FileServer: Set new base='/Users/hongruiguan/web-automation-tesing-selenium/out/artifacts/web_automation_tesing_selenium_jar'
2017-10-13 10:01:20,956 INFO o.a.j.s.SaveService: Testplan (JMX) version: 2.2. Testlog (JTL) version: 2.2
2017-10-13 10:01:20,963 INFO o.a.j.s.SaveService: Using SaveService properties file encoding UTF-8
2017-10-13 10:01:20,965 INFO o.a.j.s.SaveService: Using SaveService properties version 3.2
2017-10-13 10:01:21,021 INFO o.a.j.e.StandardJMeterEngine: Running the test!
2017-10-13 10:01:21,022 INFO o.a.j.s.SampleEvent: List of sample_variables: []
2017-10-13 10:01:21,022 INFO o.a.j.s.SampleEvent: List of sample_variables: []
2017-10-13 10:01:21,032 INFO o.a.j.g.u.JMeterMenuBar: setRunning(true, *local*)
2017-10-13 10:01:21,124 INFO o.a.j.e.StandardJMeterEngine: Starting ThreadGroup: 1 : Thread Group
2017-10-13 10:01:21,124 INFO o.a.j.e.StandardJMeterEngine: Starting 1 threads for group Thread Group.
2017-10-13 10:01:21,124 INFO o.a.j.e.StandardJMeterEngine: Thread will continue on error
2017-10-13 10:01:21,125 INFO o.a.j.t.ThreadGroup: Starting thread group... number=1 threads=1 ramp-up=1 perThread=1000.0 delayedStart=false
2017-10-13 10:01:21,132 INFO o.a.j.t.ThreadGroup: Started thread group number 1
2017-10-13 10:01:21,132 INFO o.a.j.e.StandardJMeterEngine: All thread groups have been started
2017-10-13 10:01:21,134 INFO o.a.j.t.JMeterThread: Thread started: Thread Group 1-1
2017-10-13 10:01:21,138 INFO o.a.j.p.j.s.JUnitSampler: Trying to find constructor with one String parameter returned error: GOLOTest.<init>(java.lang.String)
2017-10-13 10:01:39,747 INFO o.a.j.t.JMeterThread: Thread is done: Thread Group 1-1
2017-10-13 10:01:39,754 INFO o.a.j.t.JMeterThread: Thread finished: Thread Group 1-1
2017-10-13 10:01:39,762 INFO o.a.j.e.StandardJMeterEngine: Notifying test listeners of end of test
2017-10-13 10:01:39,764 INFO o.a.j.g.u.JMeterMenuBar: setRunning(false, *local*)
